<?xml version="1.0" encoding="UTF-8"?>
<testsuite xmlns:xsi="http://www.w3.org/2001/XMLSchema-instance" xsi:noNamespaceSchemaLocation="https://maven.apache.org/surefire/maven-surefire-plugin/xsd/surefire-test-report-3.0.xsd" version="3.0" name="com.riwi.VorteXtream_BACK_END_SpringBoot.VorteXtreamBackEndSpringBootApplicationTests" time="10.05" tests="1" errors="0" skipped="0" failures="0">
  <properties>
    <property name="java.specification.version" value="17"/>
    <property name="sun.jnu.encoding" value="UTF-8"/>
    <property name="java.class.path" value="/home/riwip3-053/Downloads/vorteXtream backend/VORTEXTREAM-BACK-END_-SPRING-BOOT-/app/target/test-classes:/home/riwip3-053/Downloads/vorteXtream backend/VORTEXTREAM-BACK-END_-SPRING-BOOT-/app/target/classes:/home/riwip3-053/.m2/repository/org/springframework/boot/spring-boot-starter-data-jpa/3.3.3/spring-boot-starter-data-jpa-3.3.3.jar:/home/riwip3-053/.m2/repository/org/springframework/boot/spring-boot-starter-aop/3.3.3/spring-boot-starter-aop-3.3.3.jar:/home/riwip3-053/.m2/repository/org/aspectj/aspectjweaver/1.9.22.1/aspectjweaver-1.9.22.1.jar:/home/riwip3-053/.m2/repository/org/springframework/boot/spring-boot-starter-jdbc/3.3.3/spring-boot-starter-jdbc-3.3.3.jar:/home/riwip3-053/.m2/repository/com/zaxxer/HikariCP/5.1.0/HikariCP-5.1.0.jar:/home/riwip3-053/.m2/repository/org/springframework/spring-jdbc/6.1.12/spring-jdbc-6.1.12.jar:/home/riwip3-053/.m2/repository/org/hibernate/orm/hibernate-core/6.5.2.Final/hibernate-core-6.5.2.Final.jar:/home/riwip3-053/.m2/repository/jakarta/persistence/jakarta.persistence-api/3.1.0/jakarta.persistence-api-3.1.0.jar:/home/riwip3-053/.m2/repository/jakarta/transaction/jakarta.transaction-api/2.0.1/jakarta.transaction-api-2.0.1.jar:/home/riwip3-053/.m2/repository/org/jboss/logging/jboss-logging/3.5.3.Final/jboss-logging-3.5.3.Final.jar:/home/riwip3-053/.m2/repository/org/hibernate/common/hibernate-commons-annotations/6.0.6.Final/hibernate-commons-annotations-6.0.6.Final.jar:/home/riwip3-053/.m2/repository/io/smallrye/jandex/3.1.2/jandex-3.1.2.jar:/home/riwip3-053/.m2/repository/com/fasterxml/classmate/1.7.0/classmate-1.7.0.jar:/home/riwip3-053/.m2/repository/net/bytebuddy/byte-buddy/1.14.19/byte-buddy-1.14.19.jar:/home/riwip3-053/.m2/repository/org/glassfish/jaxb/jaxb-runtime/4.0.5/jaxb-runtime-4.0.5.jar:/home/riwip3-053/.m2/repository/org/glassfish/jaxb/jaxb-core/4.0.5/jaxb-core-4.0.5.jar:/home/riwip3-053/.m2/repository/org/eclipse/angus/angus-activation/2.0.2/angus-activation-2.0.2.jar:/home/riwip3-053/.m2/repository/org/glassfish/jaxb/txw2/4.0.5/txw2-4.0.5.jar:/home/riwip3-053/.m2/repository/com/sun/istack/istack-commons-runtime/4.1.2/istack-commons-runtime-4.1.2.jar:/home/riwip3-053/.m2/repository/jakarta/inject/jakarta.inject-api/2.0.1/jakarta.inject-api-2.0.1.jar:/home/riwip3-053/.m2/repository/org/antlr/antlr4-runtime/4.13.0/antlr4-runtime-4.13.0.jar:/home/riwip3-053/.m2/repository/org/springframework/data/spring-data-jpa/3.3.3/spring-data-jpa-3.3.3.jar:/home/riwip3-053/.m2/repository/org/springframework/data/spring-data-commons/3.3.3/spring-data-commons-3.3.3.jar:/home/riwip3-053/.m2/repository/org/springframework/spring-orm/6.1.12/spring-orm-6.1.12.jar:/home/riwip3-053/.m2/repository/org/springframework/spring-context/6.1.12/spring-context-6.1.12.jar:/home/riwip3-053/.m2/repository/org/springframework/spring-tx/6.1.12/spring-tx-6.1.12.jar:/home/riwip3-053/.m2/repository/org/springframework/spring-beans/6.1.12/spring-beans-6.1.12.jar:/home/riwip3-053/.m2/repository/jakarta/annotation/jakarta.annotation-api/2.1.1/jakarta.annotation-api-2.1.1.jar:/home/riwip3-053/.m2/repository/org/slf4j/slf4j-api/2.0.16/slf4j-api-2.0.16.jar:/home/riwip3-053/.m2/repository/org/springframework/spring-aspects/6.1.12/spring-aspects-6.1.12.jar:/home/riwip3-053/.m2/repository/org/springframework/boot/spring-boot-starter-validation/3.3.3/spring-boot-starter-validation-3.3.3.jar:/home/riwip3-053/.m2/repository/org/springframework/boot/spring-boot-starter/3.3.3/spring-boot-starter-3.3.3.jar:/home/riwip3-053/.m2/repository/org/springframework/boot/spring-boot-starter-logging/3.3.3/spring-boot-starter-logging-3.3.3.jar:/home/riwip3-053/.m2/repository/ch/qos/logback/logback-classic/1.5.7/logback-classic-1.5.7.jar:/home/riwip3-053/.m2/repository/ch/qos/logback/logback-core/1.5.7/logback-core-1.5.7.jar:/home/riwip3-053/.m2/repository/org/apache/logging/log4j/log4j-to-slf4j/2.23.1/log4j-to-slf4j-2.23.1.jar:/home/riwip3-053/.m2/repository/org/apache/logging/log4j/log4j-api/2.23.1/log4j-api-2.23.1.jar:/home/riwip3-053/.m2/repository/org/slf4j/jul-to-slf4j/2.0.16/jul-to-slf4j-2.0.16.jar:/home/riwip3-053/.m2/repository/org/yaml/snakeyaml/2.2/snakeyaml-2.2.jar:/home/riwip3-053/.m2/repository/org/apache/tomcat/embed/tomcat-embed-el/10.1.28/tomcat-embed-el-10.1.28.jar:/home/riwip3-053/.m2/repository/org/hibernate/validator/hibernate-validator/8.0.1.Final/hibernate-validator-8.0.1.Final.jar:/home/riwip3-053/.m2/repository/jakarta/validation/jakarta.validation-api/3.0.2/jakarta.validation-api-3.0.2.jar:/home/riwip3-053/.m2/repository/org/springframework/boot/spring-boot-starter-web/3.3.3/spring-boot-starter-web-3.3.3.jar:/home/riwip3-053/.m2/repository/org/springframework/boot/spring-boot-starter-json/3.3.3/spring-boot-starter-json-3.3.3.jar:/home/riwip3-053/.m2/repository/com/fasterxml/jackson/datatype/jackson-datatype-jdk8/2.17.2/jackson-datatype-jdk8-2.17.2.jar:/home/riwip3-053/.m2/repository/com/fasterxml/jackson/datatype/jackson-datatype-jsr310/2.17.2/jackson-datatype-jsr310-2.17.2.jar:/home/riwip3-053/.m2/repository/com/fasterxml/jackson/module/jackson-module-parameter-names/2.17.2/jackson-module-parameter-names-2.17.2.jar:/home/riwip3-053/.m2/repository/org/springframework/boot/spring-boot-starter-tomcat/3.3.3/spring-boot-starter-tomcat-3.3.3.jar:/home/riwip3-053/.m2/repository/org/apache/tomcat/embed/tomcat-embed-core/10.1.28/tomcat-embed-core-10.1.28.jar:/home/riwip3-053/.m2/repository/org/apache/tomcat/embed/tomcat-embed-websocket/10.1.28/tomcat-embed-websocket-10.1.28.jar:/home/riwip3-053/.m2/repository/org/springframework/spring-web/6.1.12/spring-web-6.1.12.jar:/home/riwip3-053/.m2/repository/io/micrometer/micrometer-observation/1.13.3/micrometer-observation-1.13.3.jar:/home/riwip3-053/.m2/repository/io/micrometer/micrometer-commons/1.13.3/micrometer-commons-1.13.3.jar:/home/riwip3-053/.m2/repository/org/springframework/spring-webmvc/6.1.12/spring-webmvc-6.1.12.jar:/home/riwip3-053/.m2/repository/org/springframework/spring-expression/6.1.12/spring-expression-6.1.12.jar:/home/riwip3-053/.m2/repository/org/springframework/boot/spring-boot-devtools/3.3.3/spring-boot-devtools-3.3.3.jar:/home/riwip3-053/.m2/repository/org/springframework/boot/spring-boot/3.3.3/spring-boot-3.3.3.jar:/home/riwip3-053/.m2/repository/org/springframework/boot/spring-boot-autoconfigure/3.3.3/spring-boot-autoconfigure-3.3.3.jar:/home/riwip3-053/.m2/repository/com/mysql/mysql-connector-j/8.0.33/mysql-connector-j-8.0.33.jar:/home/riwip3-053/.m2/repository/org/projectlombok/lombok/1.18.34/lombok-1.18.34.jar:/home/riwip3-053/.m2/repository/me/paulschwarz/spring-dotenv/4.0.0/spring-dotenv-4.0.0.jar:/home/riwip3-053/.m2/repository/io/github/cdimascio/dotenv-java/3.0.0/dotenv-java-3.0.0.jar:/home/riwip3-053/.m2/repository/com/cloudinary/cloudinary-http44/1.36.0/cloudinary-http44-1.36.0.jar:/home/riwip3-053/.m2/repository/com/cloudinary/cloudinary-core/1.36.0/cloudinary-core-1.36.0.jar:/home/riwip3-053/.m2/repository/org/apache/commons/commons-lang3/3.14.0/commons-lang3-3.14.0.jar:/home/riwip3-053/.m2/repository/org/apache/httpcomponents/httpclient/4.4/httpclient-4.4.jar:/home/riwip3-053/.m2/repository/org/apache/httpcomponents/httpcore/4.4.16/httpcore-4.4.16.jar:/home/riwip3-053/.m2/repository/commons-logging/commons-logging/1.2/commons-logging-1.2.jar:/home/riwip3-053/.m2/repository/commons-codec/commons-codec/1.16.1/commons-codec-1.16.1.jar:/home/riwip3-053/.m2/repository/org/apache/httpcomponents/httpmime/4.4/httpmime-4.4.jar:/home/riwip3-053/.m2/repository/com/cloudinary/cloudinary-taglib/1.36.0/cloudinary-taglib-1.36.0.jar:/home/riwip3-053/.m2/repository/javax/servlet/jsp-api/2.0/jsp-api-2.0.jar:/home/riwip3-053/.m2/repository/javax/servlet/servlet-api/2.4/servlet-api-2.4.jar:/home/riwip3-053/.m2/repository/org/springframework/boot/spring-boot-starter-security/3.2.9/spring-boot-starter-security-3.2.9.jar:/home/riwip3-053/.m2/repository/org/springframework/spring-aop/6.1.12/spring-aop-6.1.12.jar:/home/riwip3-053/.m2/repository/org/springframework/security/spring-security-config/6.3.3/spring-security-config-6.3.3.jar:/home/riwip3-053/.m2/repository/org/springframework/security/spring-security-core/6.3.3/spring-security-core-6.3.3.jar:/home/riwip3-053/.m2/repository/org/springframework/security/spring-security-crypto/6.3.3/spring-security-crypto-6.3.3.jar:/home/riwip3-053/.m2/repository/org/springframework/security/spring-security-web/6.3.3/spring-security-web-6.3.3.jar:/home/riwip3-053/.m2/repository/io/jsonwebtoken/jjwt/0.9.1/jjwt-0.9.1.jar:/home/riwip3-053/.m2/repository/com/fasterxml/jackson/core/jackson-databind/2.17.2/jackson-databind-2.17.2.jar:/home/riwip3-053/.m2/repository/com/fasterxml/jackson/core/jackson-annotations/2.17.2/jackson-annotations-2.17.2.jar:/home/riwip3-053/.m2/repository/com/fasterxml/jackson/core/jackson-core/2.17.2/jackson-core-2.17.2.jar:/home/riwip3-053/.m2/repository/io/jsonwebtoken/jjwt-api/0.11.5/jjwt-api-0.11.5.jar:/home/riwip3-053/.m2/repository/io/jsonwebtoken/jjwt-impl/0.11.5/jjwt-impl-0.11.5.jar:/home/riwip3-053/.m2/repository/io/jsonwebtoken/jjwt-jackson/0.11.5/jjwt-jackson-0.11.5.jar:/home/riwip3-053/.m2/repository/org/springframework/boot/spring-boot-starter-test/3.3.3/spring-boot-starter-test-3.3.3.jar:/home/riwip3-053/.m2/repository/org/springframework/boot/spring-boot-test/3.3.3/spring-boot-test-3.3.3.jar:/home/riwip3-053/.m2/repository/org/springframework/boot/spring-boot-test-autoconfigure/3.3.3/spring-boot-test-autoconfigure-3.3.3.jar:/home/riwip3-053/.m2/repository/com/jayway/jsonpath/json-path/2.9.0/json-path-2.9.0.jar:/home/riwip3-053/.m2/repository/jakarta/xml/bind/jakarta.xml.bind-api/4.0.2/jakarta.xml.bind-api-4.0.2.jar:/home/riwip3-053/.m2/repository/jakarta/activation/jakarta.activation-api/2.1.3/jakarta.activation-api-2.1.3.jar:/home/riwip3-053/.m2/repository/net/minidev/json-smart/2.5.1/json-smart-2.5.1.jar:/home/riwip3-053/.m2/repository/net/minidev/accessors-smart/2.5.1/accessors-smart-2.5.1.jar:/home/riwip3-053/.m2/repository/org/ow2/asm/asm/9.6/asm-9.6.jar:/home/riwip3-053/.m2/repository/org/assertj/assertj-core/3.25.3/assertj-core-3.25.3.jar:/home/riwip3-053/.m2/repository/org/awaitility/awaitility/4.2.2/awaitility-4.2.2.jar:/home/riwip3-053/.m2/repository/org/hamcrest/hamcrest/2.2/hamcrest-2.2.jar:/home/riwip3-053/.m2/repository/org/junit/jupiter/junit-jupiter/5.10.3/junit-jupiter-5.10.3.jar:/home/riwip3-053/.m2/repository/org/junit/jupiter/junit-jupiter-api/5.10.3/junit-jupiter-api-5.10.3.jar:/home/riwip3-053/.m2/repository/org/opentest4j/opentest4j/1.3.0/opentest4j-1.3.0.jar:/home/riwip3-053/.m2/repository/org/junit/platform/junit-platform-commons/1.10.3/junit-platform-commons-1.10.3.jar:/home/riwip3-053/.m2/repository/org/apiguardian/apiguardian-api/1.1.2/apiguardian-api-1.1.2.jar:/home/riwip3-053/.m2/repository/org/junit/jupiter/junit-jupiter-params/5.10.3/junit-jupiter-params-5.10.3.jar:/home/riwip3-053/.m2/repository/org/junit/jupiter/junit-jupiter-engine/5.10.3/junit-jupiter-engine-5.10.3.jar:/home/riwip3-053/.m2/repository/org/junit/platform/junit-platform-engine/1.10.3/junit-platform-engine-1.10.3.jar:/home/riwip3-053/.m2/repository/org/mockito/mockito-core/5.11.0/mockito-core-5.11.0.jar:/home/riwip3-053/.m2/repository/net/bytebuddy/byte-buddy-agent/1.14.19/byte-buddy-agent-1.14.19.jar:/home/riwip3-053/.m2/repository/org/objenesis/objenesis/3.3/objenesis-3.3.jar:/home/riwip3-053/.m2/repository/org/mockito/mockito-junit-jupiter/5.11.0/mockito-junit-jupiter-5.11.0.jar:/home/riwip3-053/.m2/repository/org/skyscreamer/jsonassert/1.5.3/jsonassert-1.5.3.jar:/home/riwip3-053/.m2/repository/com/vaadin/external/google/android-json/0.0.20131108.vaadin1/android-json-0.0.20131108.vaadin1.jar:/home/riwip3-053/.m2/repository/org/springframework/spring-core/6.1.12/spring-core-6.1.12.jar:/home/riwip3-053/.m2/repository/org/springframework/spring-jcl/6.1.12/spring-jcl-6.1.12.jar:/home/riwip3-053/.m2/repository/org/springframework/spring-test/6.1.12/spring-test-6.1.12.jar:/home/riwip3-053/.m2/repository/org/xmlunit/xmlunit-core/2.9.1/xmlunit-core-2.9.1.jar:"/>
    <property name="java.vm.vendor" value="Oracle Corporation"/>
    <property name="sun.arch.data.model" value="64"/>
    <property name="java.vendor.url" value="https://java.oracle.com/"/>
    <property name="user.timezone" value="America/Bogota"/>
    <property name="org.jboss.logging.provider" value="slf4j"/>
    <property name="os.name" value="Linux"/>
    <property name="java.vm.specification.version" value="17"/>
    <property name="sun.java.launcher" value="SUN_STANDARD"/>
    <property name="user.country" value="AU"/>
    <property name="sun.boot.library.path" value="/usr/lib/jvm/java-17-oracle/lib"/>
    <property name="sun.java.command" value="/home/riwip3-053/Downloads/vorteXtream backend/VORTEXTREAM-BACK-END_-SPRING-BOOT-/app/target/surefire/surefirebooter-20240919174837376_3.jar /home/riwip3-053/Downloads/vorteXtream backend/VORTEXTREAM-BACK-END_-SPRING-BOOT-/app/target/surefire 2024-09-19T17-48-37_326-jvmRun1 surefire-20240919174837376_1tmp surefire_0-20240919174837376_2tmp"/>
    <property name="jdk.debug" value="release"/>
    <property name="surefire.test.class.path" value="/home/riwip3-053/Downloads/vorteXtream backend/VORTEXTREAM-BACK-END_-SPRING-BOOT-/app/target/test-classes:/home/riwip3-053/Downloads/vorteXtream backend/VORTEXTREAM-BACK-END_-SPRING-BOOT-/app/target/classes:/home/riwip3-053/.m2/repository/org/springframework/boot/spring-boot-starter-data-jpa/3.3.3/spring-boot-starter-data-jpa-3.3.3.jar:/home/riwip3-053/.m2/repository/org/springframework/boot/spring-boot-starter-aop/3.3.3/spring-boot-starter-aop-3.3.3.jar:/home/riwip3-053/.m2/repository/org/aspectj/aspectjweaver/1.9.22.1/aspectjweaver-1.9.22.1.jar:/home/riwip3-053/.m2/repository/org/springframework/boot/spring-boot-starter-jdbc/3.3.3/spring-boot-starter-jdbc-3.3.3.jar:/home/riwip3-053/.m2/repository/com/zaxxer/HikariCP/5.1.0/HikariCP-5.1.0.jar:/home/riwip3-053/.m2/repository/org/springframework/spring-jdbc/6.1.12/spring-jdbc-6.1.12.jar:/home/riwip3-053/.m2/repository/org/hibernate/orm/hibernate-core/6.5.2.Final/hibernate-core-6.5.2.Final.jar:/home/riwip3-053/.m2/repository/jakarta/persistence/jakarta.persistence-api/3.1.0/jakarta.persistence-api-3.1.0.jar:/home/riwip3-053/.m2/repository/jakarta/transaction/jakarta.transaction-api/2.0.1/jakarta.transaction-api-2.0.1.jar:/home/riwip3-053/.m2/repository/org/jboss/logging/jboss-logging/3.5.3.Final/jboss-logging-3.5.3.Final.jar:/home/riwip3-053/.m2/repository/org/hibernate/common/hibernate-commons-annotations/6.0.6.Final/hibernate-commons-annotations-6.0.6.Final.jar:/home/riwip3-053/.m2/repository/io/smallrye/jandex/3.1.2/jandex-3.1.2.jar:/home/riwip3-053/.m2/repository/com/fasterxml/classmate/1.7.0/classmate-1.7.0.jar:/home/riwip3-053/.m2/repository/net/bytebuddy/byte-buddy/1.14.19/byte-buddy-1.14.19.jar:/home/riwip3-053/.m2/repository/org/glassfish/jaxb/jaxb-runtime/4.0.5/jaxb-runtime-4.0.5.jar:/home/riwip3-053/.m2/repository/org/glassfish/jaxb/jaxb-core/4.0.5/jaxb-core-4.0.5.jar:/home/riwip3-053/.m2/repository/org/eclipse/angus/angus-activation/2.0.2/angus-activation-2.0.2.jar:/home/riwip3-053/.m2/repository/org/glassfish/jaxb/txw2/4.0.5/txw2-4.0.5.jar:/home/riwip3-053/.m2/repository/com/sun/istack/istack-commons-runtime/4.1.2/istack-commons-runtime-4.1.2.jar:/home/riwip3-053/.m2/repository/jakarta/inject/jakarta.inject-api/2.0.1/jakarta.inject-api-2.0.1.jar:/home/riwip3-053/.m2/repository/org/antlr/antlr4-runtime/4.13.0/antlr4-runtime-4.13.0.jar:/home/riwip3-053/.m2/repository/org/springframework/data/spring-data-jpa/3.3.3/spring-data-jpa-3.3.3.jar:/home/riwip3-053/.m2/repository/org/springframework/data/spring-data-commons/3.3.3/spring-data-commons-3.3.3.jar:/home/riwip3-053/.m2/repository/org/springframework/spring-orm/6.1.12/spring-orm-6.1.12.jar:/home/riwip3-053/.m2/repository/org/springframework/spring-context/6.1.12/spring-context-6.1.12.jar:/home/riwip3-053/.m2/repository/org/springframework/spring-tx/6.1.12/spring-tx-6.1.12.jar:/home/riwip3-053/.m2/repository/org/springframework/spring-beans/6.1.12/spring-beans-6.1.12.jar:/home/riwip3-053/.m2/repository/jakarta/annotation/jakarta.annotation-api/2.1.1/jakarta.annotation-api-2.1.1.jar:/home/riwip3-053/.m2/repository/org/slf4j/slf4j-api/2.0.16/slf4j-api-2.0.16.jar:/home/riwip3-053/.m2/repository/org/springframework/spring-aspects/6.1.12/spring-aspects-6.1.12.jar:/home/riwip3-053/.m2/repository/org/springframework/boot/spring-boot-starter-validation/3.3.3/spring-boot-starter-validation-3.3.3.jar:/home/riwip3-053/.m2/repository/org/springframework/boot/spring-boot-starter/3.3.3/spring-boot-starter-3.3.3.jar:/home/riwip3-053/.m2/repository/org/springframework/boot/spring-boot-starter-logging/3.3.3/spring-boot-starter-logging-3.3.3.jar:/home/riwip3-053/.m2/repository/ch/qos/logback/logback-classic/1.5.7/logback-classic-1.5.7.jar:/home/riwip3-053/.m2/repository/ch/qos/logback/logback-core/1.5.7/logback-core-1.5.7.jar:/home/riwip3-053/.m2/repository/org/apache/logging/log4j/log4j-to-slf4j/2.23.1/log4j-to-slf4j-2.23.1.jar:/home/riwip3-053/.m2/repository/org/apache/logging/log4j/log4j-api/2.23.1/log4j-api-2.23.1.jar:/home/riwip3-053/.m2/repository/org/slf4j/jul-to-slf4j/2.0.16/jul-to-slf4j-2.0.16.jar:/home/riwip3-053/.m2/repository/org/yaml/snakeyaml/2.2/snakeyaml-2.2.jar:/home/riwip3-053/.m2/repository/org/apache/tomcat/embed/tomcat-embed-el/10.1.28/tomcat-embed-el-10.1.28.jar:/home/riwip3-053/.m2/repository/org/hibernate/validator/hibernate-validator/8.0.1.Final/hibernate-validator-8.0.1.Final.jar:/home/riwip3-053/.m2/repository/jakarta/validation/jakarta.validation-api/3.0.2/jakarta.validation-api-3.0.2.jar:/home/riwip3-053/.m2/repository/org/springframework/boot/spring-boot-starter-web/3.3.3/spring-boot-starter-web-3.3.3.jar:/home/riwip3-053/.m2/repository/org/springframework/boot/spring-boot-starter-json/3.3.3/spring-boot-starter-json-3.3.3.jar:/home/riwip3-053/.m2/repository/com/fasterxml/jackson/datatype/jackson-datatype-jdk8/2.17.2/jackson-datatype-jdk8-2.17.2.jar:/home/riwip3-053/.m2/repository/com/fasterxml/jackson/datatype/jackson-datatype-jsr310/2.17.2/jackson-datatype-jsr310-2.17.2.jar:/home/riwip3-053/.m2/repository/com/fasterxml/jackson/module/jackson-module-parameter-names/2.17.2/jackson-module-parameter-names-2.17.2.jar:/home/riwip3-053/.m2/repository/org/springframework/boot/spring-boot-starter-tomcat/3.3.3/spring-boot-starter-tomcat-3.3.3.jar:/home/riwip3-053/.m2/repository/org/apache/tomcat/embed/tomcat-embed-core/10.1.28/tomcat-embed-core-10.1.28.jar:/home/riwip3-053/.m2/repository/org/apache/tomcat/embed/tomcat-embed-websocket/10.1.28/tomcat-embed-websocket-10.1.28.jar:/home/riwip3-053/.m2/repository/org/springframework/spring-web/6.1.12/spring-web-6.1.12.jar:/home/riwip3-053/.m2/repository/io/micrometer/micrometer-observation/1.13.3/micrometer-observation-1.13.3.jar:/home/riwip3-053/.m2/repository/io/micrometer/micrometer-commons/1.13.3/micrometer-commons-1.13.3.jar:/home/riwip3-053/.m2/repository/org/springframework/spring-webmvc/6.1.12/spring-webmvc-6.1.12.jar:/home/riwip3-053/.m2/repository/org/springframework/spring-expression/6.1.12/spring-expression-6.1.12.jar:/home/riwip3-053/.m2/repository/org/springframework/boot/spring-boot-devtools/3.3.3/spring-boot-devtools-3.3.3.jar:/home/riwip3-053/.m2/repository/org/springframework/boot/spring-boot/3.3.3/spring-boot-3.3.3.jar:/home/riwip3-053/.m2/repository/org/springframework/boot/spring-boot-autoconfigure/3.3.3/spring-boot-autoconfigure-3.3.3.jar:/home/riwip3-053/.m2/repository/com/mysql/mysql-connector-j/8.0.33/mysql-connector-j-8.0.33.jar:/home/riwip3-053/.m2/repository/org/projectlombok/lombok/1.18.34/lombok-1.18.34.jar:/home/riwip3-053/.m2/repository/me/paulschwarz/spring-dotenv/4.0.0/spring-dotenv-4.0.0.jar:/home/riwip3-053/.m2/repository/io/github/cdimascio/dotenv-java/3.0.0/dotenv-java-3.0.0.jar:/home/riwip3-053/.m2/repository/com/cloudinary/cloudinary-http44/1.36.0/cloudinary-http44-1.36.0.jar:/home/riwip3-053/.m2/repository/com/cloudinary/cloudinary-core/1.36.0/cloudinary-core-1.36.0.jar:/home/riwip3-053/.m2/repository/org/apache/commons/commons-lang3/3.14.0/commons-lang3-3.14.0.jar:/home/riwip3-053/.m2/repository/org/apache/httpcomponents/httpclient/4.4/httpclient-4.4.jar:/home/riwip3-053/.m2/repository/org/apache/httpcomponents/httpcore/4.4.16/httpcore-4.4.16.jar:/home/riwip3-053/.m2/repository/commons-logging/commons-logging/1.2/commons-logging-1.2.jar:/home/riwip3-053/.m2/repository/commons-codec/commons-codec/1.16.1/commons-codec-1.16.1.jar:/home/riwip3-053/.m2/repository/org/apache/httpcomponents/httpmime/4.4/httpmime-4.4.jar:/home/riwip3-053/.m2/repository/com/cloudinary/cloudinary-taglib/1.36.0/cloudinary-taglib-1.36.0.jar:/home/riwip3-053/.m2/repository/javax/servlet/jsp-api/2.0/jsp-api-2.0.jar:/home/riwip3-053/.m2/repository/javax/servlet/servlet-api/2.4/servlet-api-2.4.jar:/home/riwip3-053/.m2/repository/org/springframework/boot/spring-boot-starter-security/3.2.9/spring-boot-starter-security-3.2.9.jar:/home/riwip3-053/.m2/repository/org/springframework/spring-aop/6.1.12/spring-aop-6.1.12.jar:/home/riwip3-053/.m2/repository/org/springframework/security/spring-security-config/6.3.3/spring-security-config-6.3.3.jar:/home/riwip3-053/.m2/repository/org/springframework/security/spring-security-core/6.3.3/spring-security-core-6.3.3.jar:/home/riwip3-053/.m2/repository/org/springframework/security/spring-security-crypto/6.3.3/spring-security-crypto-6.3.3.jar:/home/riwip3-053/.m2/repository/org/springframework/security/spring-security-web/6.3.3/spring-security-web-6.3.3.jar:/home/riwip3-053/.m2/repository/io/jsonwebtoken/jjwt/0.9.1/jjwt-0.9.1.jar:/home/riwip3-053/.m2/repository/com/fasterxml/jackson/core/jackson-databind/2.17.2/jackson-databind-2.17.2.jar:/home/riwip3-053/.m2/repository/com/fasterxml/jackson/core/jackson-annotations/2.17.2/jackson-annotations-2.17.2.jar:/home/riwip3-053/.m2/repository/com/fasterxml/jackson/core/jackson-core/2.17.2/jackson-core-2.17.2.jar:/home/riwip3-053/.m2/repository/io/jsonwebtoken/jjwt-api/0.11.5/jjwt-api-0.11.5.jar:/home/riwip3-053/.m2/repository/io/jsonwebtoken/jjwt-impl/0.11.5/jjwt-impl-0.11.5.jar:/home/riwip3-053/.m2/repository/io/jsonwebtoken/jjwt-jackson/0.11.5/jjwt-jackson-0.11.5.jar:/home/riwip3-053/.m2/repository/org/springframework/boot/spring-boot-starter-test/3.3.3/spring-boot-starter-test-3.3.3.jar:/home/riwip3-053/.m2/repository/org/springframework/boot/spring-boot-test/3.3.3/spring-boot-test-3.3.3.jar:/home/riwip3-053/.m2/repository/org/springframework/boot/spring-boot-test-autoconfigure/3.3.3/spring-boot-test-autoconfigure-3.3.3.jar:/home/riwip3-053/.m2/repository/com/jayway/jsonpath/json-path/2.9.0/json-path-2.9.0.jar:/home/riwip3-053/.m2/repository/jakarta/xml/bind/jakarta.xml.bind-api/4.0.2/jakarta.xml.bind-api-4.0.2.jar:/home/riwip3-053/.m2/repository/jakarta/activation/jakarta.activation-api/2.1.3/jakarta.activation-api-2.1.3.jar:/home/riwip3-053/.m2/repository/net/minidev/json-smart/2.5.1/json-smart-2.5.1.jar:/home/riwip3-053/.m2/repository/net/minidev/accessors-smart/2.5.1/accessors-smart-2.5.1.jar:/home/riwip3-053/.m2/repository/org/ow2/asm/asm/9.6/asm-9.6.jar:/home/riwip3-053/.m2/repository/org/assertj/assertj-core/3.25.3/assertj-core-3.25.3.jar:/home/riwip3-053/.m2/repository/org/awaitility/awaitility/4.2.2/awaitility-4.2.2.jar:/home/riwip3-053/.m2/repository/org/hamcrest/hamcrest/2.2/hamcrest-2.2.jar:/home/riwip3-053/.m2/repository/org/junit/jupiter/junit-jupiter/5.10.3/junit-jupiter-5.10.3.jar:/home/riwip3-053/.m2/repository/org/junit/jupiter/junit-jupiter-api/5.10.3/junit-jupiter-api-5.10.3.jar:/home/riwip3-053/.m2/repository/org/opentest4j/opentest4j/1.3.0/opentest4j-1.3.0.jar:/home/riwip3-053/.m2/repository/org/junit/platform/junit-platform-commons/1.10.3/junit-platform-commons-1.10.3.jar:/home/riwip3-053/.m2/repository/org/apiguardian/apiguardian-api/1.1.2/apiguardian-api-1.1.2.jar:/home/riwip3-053/.m2/repository/org/junit/jupiter/junit-jupiter-params/5.10.3/junit-jupiter-params-5.10.3.jar:/home/riwip3-053/.m2/repository/org/junit/jupiter/junit-jupiter-engine/5.10.3/junit-jupiter-engine-5.10.3.jar:/home/riwip3-053/.m2/repository/org/junit/platform/junit-platform-engine/1.10.3/junit-platform-engine-1.10.3.jar:/home/riwip3-053/.m2/repository/org/mockito/mockito-core/5.11.0/mockito-core-5.11.0.jar:/home/riwip3-053/.m2/repository/net/bytebuddy/byte-buddy-agent/1.14.19/byte-buddy-agent-1.14.19.jar:/home/riwip3-053/.m2/repository/org/objenesis/objenesis/3.3/objenesis-3.3.jar:/home/riwip3-053/.m2/repository/org/mockito/mockito-junit-jupiter/5.11.0/mockito-junit-jupiter-5.11.0.jar:/home/riwip3-053/.m2/repository/org/skyscreamer/jsonassert/1.5.3/jsonassert-1.5.3.jar:/home/riwip3-053/.m2/repository/com/vaadin/external/google/android-json/0.0.20131108.vaadin1/android-json-0.0.20131108.vaadin1.jar:/home/riwip3-053/.m2/repository/org/springframework/spring-core/6.1.12/spring-core-6.1.12.jar:/home/riwip3-053/.m2/repository/org/springframework/spring-jcl/6.1.12/spring-jcl-6.1.12.jar:/home/riwip3-053/.m2/repository/org/springframework/spring-test/6.1.12/spring-test-6.1.12.jar:/home/riwip3-053/.m2/repository/org/xmlunit/xmlunit-core/2.9.1/xmlunit-core-2.9.1.jar:"/>
    <property name="sun.cpu.endian" value="little"/>
    <property name="user.home" value="/home/riwip3-053"/>
    <property name="user.language" value="en"/>
    <property name="java.specification.vendor" value="Oracle Corporation"/>
    <property name="java.version.date" value="2023-01-17"/>
    <property name="java.home" value="/usr/lib/jvm/java-17-oracle"/>
    <property name="file.separator" value="/"/>
    <property name="basedir" value="/home/riwip3-053/Downloads/vorteXtream backend/VORTEXTREAM-BACK-END_-SPRING-BOOT-/app"/>
    <property name="java.vm.compressedOopsMode" value="Zero based"/>
    <property name="line.separator" value="&#10;"/>
    <property name="java.specification.name" value="Java Platform API Specification"/>
    <property name="java.vm.specification.vendor" value="Oracle Corporation"/>
    <property name="FILE_LOG_CHARSET" value="UTF-8"/>
    <property name="java.awt.headless" value="true"/>
    <property name="surefire.real.class.path" value="/home/riwip3-053/Downloads/vorteXtream backend/VORTEXTREAM-BACK-END_-SPRING-BOOT-/app/target/surefire/surefirebooter-20240919174837376_3.jar"/>
    <property name="sun.management.compiler" value="HotSpot 64-Bit Tiered Compilers"/>
    <property name="java.runtime.version" value="17.0.6+9-LTS-190"/>
    <property name="user.name" value="riwip3-053"/>
    <property name="path.separator" value=":"/>
    <property name="os.version" value="6.8.0-40-generic"/>
    <property name="java.runtime.name" value="Java(TM) SE Runtime Environment"/>
    <property name="file.encoding" value="UTF-8"/>
    <property name="java.vm.name" value="Java HotSpot(TM) 64-Bit Server VM"/>
    <property name="localRepository" value="/home/riwip3-053/.m2/repository"/>
    <property name="java.vendor.url.bug" value="https://bugreport.java.com/bugreport/"/>
    <property name="java.io.tmpdir" value="/tmp"/>
    <property name="com.zaxxer.hikari.pool_number" value="1"/>
    <property name="java.version" value="17.0.6"/>
    <property name="user.dir" value="/home/riwip3-053/Downloads/vorteXtream backend/VORTEXTREAM-BACK-END_-SPRING-BOOT-/app"/>
    <property name="os.arch" value="amd64"/>
    <property name="java.vm.specification.name" value="Java Virtual Machine Specification"/>
    <property name="PID" value="13380"/>
    <property name="CONSOLE_LOG_CHARSET" value="UTF-8"/>
    <property name="native.encoding" value="UTF-8"/>
    <property name="java.library.path" value="/usr/java/packages/lib:/usr/lib64:/lib64:/lib:/usr/lib"/>
    <property name="java.vm.info" value="mixed mode, sharing"/>
    <property name="java.vendor" value="Oracle Corporation"/>
    <property name="java.vm.version" value="17.0.6+9-LTS-190"/>
    <property name="sun.io.unicode.encoding" value="UnicodeLittle"/>
    <property name="java.class.version" value="61.0"/>
    <property name="LOGGED_APPLICATION_NAME" value="[VorteXtream-BACK_END-SpringBoot] "/>
  </properties>
  <testcase name="contextLoads" classname="com.riwi.VorteXtream_BACK_END_SpringBoot.VorteXtreamBackEndSpringBootApplicationTests" time="0.306">
    <system-out><![CDATA[Standard Commons Logging discovery in action with spring-jcl: please remove commons-logging.jar from classpath in order to avoid potential conflicts
17:48:37.827 [main] INFO org.springframework.test.context.support.AnnotationConfigContextLoaderUtils -- Could not detect default configuration classes for test class [com.riwi.VorteXtream_BACK_END_SpringBoot.VorteXtreamBackEndSpringBootApplicationTests]: VorteXtreamBackEndSpringBootApplicationTests does not declare any static, non-private, non-final, nested classes annotated with @Configuration.
17:48:37.884 [main] INFO org.springframework.boot.test.context.SpringBootTestContextBootstrapper -- Found @SpringBootConfiguration com.riwi.VorteXtream_BACK_END_SpringBoot.VorteXtreamBackEndSpringBootApplication for test class com.riwi.VorteXtream_BACK_END_SpringBoot.VorteXtreamBackEndSpringBootApplicationTests
17:48:37.977 [main] INFO org.springframework.boot.devtools.restart.RestartApplicationListener -- Restart disabled due to context in which it is running

  .   ____          _            __ _ _
 /\\ / ___'_ __ _ _(_)_ __  __ _ \ \ \ \
( ( )\___ | '_ | '_| | '_ \/ _` | \ \ \ \
 \\/  ___)| |_)| | | | | || (_| |  ) ) ) )
  '  |____| .__|_| |_|_| |_\__, | / / / /
 =========|_|==============|___/=/_/_/_/

 :: Spring Boot ::                (v3.3.3)

2024-09-19T17:48:38.137-05:00  INFO 13380 --- [VorteXtream-BACK_END-SpringBoot] [           main] eXtreamBackEndSpringBootApplicationTests : Starting VorteXtreamBackEndSpringBootApplicationTests using Java 17.0.6 with PID 13380 (started by riwip3-053 in /home/riwip3-053/Downloads/vorteXtream backend/VORTEXTREAM-BACK-END_-SPRING-BOOT-/app)
2024-09-19T17:48:38.138-05:00  INFO 13380 --- [VorteXtream-BACK_END-SpringBoot] [           main] eXtreamBackEndSpringBootApplicationTests : No active profile set, falling back to 1 default profile: "default"
2024-09-19T17:48:38.570-05:00  INFO 13380 --- [VorteXtream-BACK_END-SpringBoot] [           main] .s.d.r.c.RepositoryConfigurationDelegate : Bootstrapping Spring Data JPA repositories in DEFAULT mode.
2024-09-19T17:48:38.612-05:00  INFO 13380 --- [VorteXtream-BACK_END-SpringBoot] [           main] .s.d.r.c.RepositoryConfigurationDelegate : Finished Spring Data repository scanning in 37 ms. Found 7 JPA repository interfaces.
2024-09-19T17:48:38.915-05:00  INFO 13380 --- [VorteXtream-BACK_END-SpringBoot] [           main] o.hibernate.jpa.internal.util.LogHelper  : HHH000204: Processing PersistenceUnitInfo [name: default]
2024-09-19T17:48:38.944-05:00  INFO 13380 --- [VorteXtream-BACK_END-SpringBoot] [           main] org.hibernate.Version                    : HHH000412: Hibernate ORM core version 6.5.2.Final
2024-09-19T17:48:38.966-05:00  INFO 13380 --- [VorteXtream-BACK_END-SpringBoot] [           main] o.h.c.internal.RegionFactoryInitiator    : HHH000026: Second-level cache disabled
2024-09-19T17:48:39.131-05:00  INFO 13380 --- [VorteXtream-BACK_END-SpringBoot] [           main] o.s.o.j.p.SpringPersistenceUnitInfo      : No LoadTimeWeaver setup: ignoring JPA class transformer
2024-09-19T17:48:39.149-05:00  INFO 13380 --- [VorteXtream-BACK_END-SpringBoot] [           main] com.zaxxer.hikari.HikariDataSource       : HikariPool-1 - Starting...
2024-09-19T17:48:40.895-05:00  INFO 13380 --- [VorteXtream-BACK_END-SpringBoot] [           main] com.zaxxer.hikari.pool.HikariPool        : HikariPool-1 - Added connection com.mysql.cj.jdbc.ConnectionImpl@7e4ac598
2024-09-19T17:48:40.897-05:00  INFO 13380 --- [VorteXtream-BACK_END-SpringBoot] [           main] com.zaxxer.hikari.HikariDataSource       : HikariPool-1 - Start completed.
2024-09-19T17:48:41.714-05:00  INFO 13380 --- [VorteXtream-BACK_END-SpringBoot] [           main] o.h.e.t.j.p.i.JtaPlatformInitiator       : HHH000489: No JTA platform available (set 'hibernate.transaction.jta.platform' to enable JTA platform integration)
Hibernate: drop table if exists cast_movie
Hibernate: drop table if exists casts
Hibernate: drop table if exists categories
Hibernate: drop table if exists directors
Hibernate: drop table if exists images
Hibernate: drop table if exists studios
Hibernate: drop table if exists sub_category
Hibernate: drop table if exists type_streaming
Hibernate: create table cast_movie (id bigint not null auto_increment, primary key (id)) engine=InnoDB
Hibernate: create table casts (id varchar(255) not null, name varchar(255) not null, primary key (id)) engine=InnoDB
Hibernate: create table categories (description varchar(255) not null, id varchar(255) not null, name varchar(255) not null, primary key (id)) engine=InnoDB
Hibernate: create table directors (age integer not null, id bigint not null auto_increment, name varchar(255) not null, nationality varchar(255) not null, synopsis varchar(255) not null, primary key (id)) engine=InnoDB
Hibernate: create table images (id integer not null auto_increment, image_id varchar(255) not null, image_url varchar(255) not null, name varchar(255) not null, primary key (id)) engine=InnoDB
Hibernate: create table studios (foundation_year integer not null, id bigint not null auto_increment, country varchar(255) not null, name varchar(255) not null, primary key (id)) engine=InnoDB
Hibernate: create table sub_category (predefined bit not null, id bigint not null auto_increment, description varchar(255) not null, name varchar(255) not null, primary key (id)) engine=InnoDB
Hibernate: create table type_streaming (id bigint not null auto_increment, name varchar(255) not null, primary key (id)) engine=InnoDB
Hibernate: INSERT INTO directors(name, age, synopsis, nationality) VALUES ('yeyo', 19, 'hola, me gusta la poronga', 'colombian')
2024-09-19T17:48:46.652-05:00  INFO 13380 --- [VorteXtream-BACK_END-SpringBoot] [           main] j.LocalContainerEntityManagerFactoryBean : Initialized JPA EntityManagerFactory for persistence unit 'default'
2024-09-19T17:48:46.960-05:00  WARN 13380 --- [VorteXtream-BACK_END-SpringBoot] [           main] JpaBaseConfiguration$JpaWebConfiguration : spring.jpa.open-in-view is enabled by default. Therefore, database queries may be performed during view rendering. Explicitly configure spring.jpa.open-in-view to disable this warning
2024-09-19T17:48:46.988-05:00  INFO 13380 --- [VorteXtream-BACK_END-SpringBoot] [           main] r$InitializeUserDetailsManagerConfigurer : Global AuthenticationManager configured with UserDetailsService bean with name userDetailsService
2024-09-19T17:48:47.463-05:00  INFO 13380 --- [VorteXtream-BACK_END-SpringBoot] [           main] eXtreamBackEndSpringBootApplicationTests : Started VorteXtreamBackEndSpringBootApplicationTests in 9.494 seconds (process running for 10.052)
]]></system-out>
  </testcase>
</testsuite>